  Compiling CUDA source file kernel.cu...
  
  E:\ReposVS\leerImagen\FiltroMedianBlur\leerImagen>"C:\Program Files\NVIDIA GPU Computing Toolkit\CUDA\v12.2\bin\nvcc.exe" -gencode=arch=compute_52,code=\"sm_52,compute_52\" --use-local-env -ccbin "C:\Program Files\Microsoft Visual Studio\2022\Community\VC\Tools\MSVC\14.39.33519\bin\HostX64\x64" -x cu   -I"C:\Program Files\NVIDIA GPU Computing Toolkit\CUDA\v12.2\include" -I"C:\Program Files\NVIDIA GPU Computing Toolkit\CUDA\v12.2\include"  -G   --keep-dir x64\Debug  -maxrregcount=0   --machine 64 --compile -cudart static  -g  -DWIN32 -DWIN64 -D_DEBUG -D_CONSOLE -D_MBCS -Xcompiler "/EHsc /W3 /nologo /Od /FS /Zi /RTC1 /MDd " -Xcompiler "/Fdx64\Debug\vc143.pdb" -o E:\ReposVS\leerImagen\FiltroMedianBlur\leerImagen\x64\Debug\kernel.cu.obj "E:\ReposVS\leerImagen\FiltroMedianBlur\leerImagen\kernel.cu" 
E:\ReposVS\leerImagen\FiltroMedianBlur\leerImagen\stb_image.h(4275): warning #550-D: variable "old_limit" was set but never used
       unsigned int cur, limit, old_limit;
                                ^
  
  Remark: The warnings can be suppressed with "-diag-suppress <warning-number>"
  
E:\ReposVS\leerImagen\FiltroMedianBlur\leerImagen\stb_image.h(5182): warning #550-D: variable "idata_limit_old" was set but never used
                   stbi__uint32 idata_limit_old = idata_limit;
                                ^
  
E:\ReposVS\leerImagen\FiltroMedianBlur\leerImagen\stb_image.h(6969): warning #550-D: variable "out_size" was set but never used
          int out_size = 0;
              ^
  
E:\ReposVS\leerImagen\FiltroMedianBlur\leerImagen\stb_image.h(6970): warning #550-D: variable "delays_size" was set but never used
          int delays_size = 0;
              ^
  
  kernel.cu
  tmpxft_00003b74_00000000-7_kernel.cudafe1.cpp
     Creando biblioteca E:\ReposVS\leerImagen\FiltroMedianBlur\x64\Debug\leerImagen.lib y objeto E:\ReposVS\leerImagen\FiltroMedianBlur\x64\Debug\leerImagen.exp
LINK : warning LNK4098: la biblioteca predeterminada'LIBCMT' entra en conflicto con otras bibliotecas; use la biblioteca /NODEFAULTLIB:biblioteca
  leerImagen.vcxproj -> E:\ReposVS\leerImagen\FiltroMedianBlur\x64\Debug\leerImagen.exe
